[INFO ]  Logging setup
[INFO ]  Feature Tree: Name = Default HW Name
BDC = None

system - System Root - , combine=SUM, weight=1, bdc=None
    memory - Memory Hierarchy - , combine=SUM, weight=1, bdc=None
        num_cache - Implicit Data Movement - No. of cache levels, stage_mask=[0, 0, 1, 1], weight=1, scale=Linear, bdc=None, num_dims=0
        num_scratch - Explicit Data Movement - No. of scratchpad levels, stage_mask=[1, 1, 1, 1], weight=1, scale=Linear, bdc=None, num_dims=0
        num_sw_coherent - Software Coherency - No. of software coherrent levels, stage_mask=[0, 1, 0, 1], weight=1, scale=Linear, bdc=None, num_dims=0
        num_access_gran - Data Access Granularity - No. of data access granularity levels, stage_mask=[1, 1, 1, 1], weight=1, scale=Linear, bdc=None, num_dims=0
        num_props - Storage Properties - No. of storage properties [Activations, Weights, Output], stage_mask=[1, 0, 1, 0], weight=1, scale=Linear, bdc=None, num_dims=0
    nodetypes_set - Node Types Set - , combine=SUM, weight=1, bdc=None
        node - Node - , combine=SUM, weight=1, bdc=None
            data_mov - Data Movement - , combine=SUM, weight=1, bdc=None
                local_dma - DMA Engines - DMA engines present in node [y/n] , stage_mask=[0, 0, 1, 1], weight=1, scale=Linear, bdc=None, num_dims=0
                num_stride - Stride - No. of dimensions of hardware supported stride, stage_mask=[1, 0, 1, 0], weight=1, scale=Linear, bdc=None, num_dims=0
                num_pattern - Patterns - No. of movement patterns [Peer-to-Peer, Broadcast, Scatter], stage_mask=[0, 1, 0, 1], weight=1, scale=Linear, bdc=None, num_dims=0
            control - Control - , combine=SUM, weight=1, bdc=None
                instage_maskt_addr - Instage_maskt Addressing - Node supports instage_maskt addressing [y/n], stage_mask=[0, 1, 0, 0], weight=1, scale=Linear, bdc=None, num_dims=0
                loop_levels - Loop Levels  - No. of loop levels from full control flow, stage_mask=[0, 1, 0, 0], weight=1, scale=Linear, bdc=None, num_dims=0
                latency_hide - Latency Hiding - No. of latency hiding widgets [Threads, Double Buffers], stage_mask=[0, 0, 1, 1], weight=1, scale=Exponential, bdc=None, num_dims=0
                data_dep - Data Dependency - Sync. support between data producer and consumer, stage_mask=[1, 0, 1, 0], weight=1, scale=Linear, bdc=None, num_dims=0
                isa_decomp - ISA Specialization - Avg no. of ISA commands per operator, stage_mask=[1, 1, 1, 1], weight=1, scale=Linear, bdc=None, num_dims=0
            datapaths_set - Datapaths Set - , combine=SUM, weight=1, bdc=None
                datapath - DataPath - , combine=SUM, weight=1, bdc=None
                    num_dims_operation - Operation Dimensions - No. of dimensions of data operations, stage_mask=[1, 0, 0, 0], weight=1, scale=Linear, bdc=None, num_dims=0
                    num_dims_mask - Unmaskable Dimensions - No. of inner operation dimensions without masking support, stage_mask=[1, 0, 0, 0], weight=1, scale=Linear, bdc=None, num_dims=0
                    num_mem_levels - Memory Levels - No. of memory units in datapath [Input, Output, Internal], stage_mask=[1, 0, 1, 0], weight=1, scale=Linear, bdc=None, num_dims=0
                    latency_hide - Latency Hiding - No. of latency hiding widgets [Threads, Double Buffers], stage_mask=[0, 0, 1, 0], weight=1, scale=Linear, bdc=None, num_dims=0
    network - Network and Synchronization - , combine=SUM, weight=1, bdc=None
        num_latency - Latency - No. of latency domains visible to node, stage_mask=[0, 0, 0, 1], weight=1, scale=Linear, bdc=None, num_dims=0
        num_bandwidth - Bandwidth - No. of bandwidth domains visible to node, stage_mask=[0, 0, 0, 1], weight=1, scale=Linear, bdc=None, num_dims=0
        num_topology - Topology Positions - No. of topology positions in node layout, stage_mask=[0, 0, 0, 1], weight=1, scale=Linear, bdc=None, num_dims=0
        num_sync_capability - Sync Capability - No. of inter-node sync. capabilities [Atomics, Interrupt], stage_mask=[0, 1, 0, 1], weight=1, scale=Linear, bdc=None, num_dims=0


[INFO ]  Starting Experiment 1
[INFO ]  Feature Tree: Name = Unicore RISCV
BDC = [5, 0, 6, 0]

system - System Root - , combine=SUM, weight=1, bdc=[5, 0, 6, 0]
    memory - Memory Hierarchy - , combine=SUM, weight=1, bdc=[2, 0, 3, 0]
        num_cache - Implicit Data Movement - No. of cache levels, stage_mask=[0, 0, 1, 1], weight=1, scale=Linear, bdc=[0, 0, 1, 0], num_dims=1
        num_scratch - Explicit Data Movement - No. of scratchpad levels, stage_mask=[1, 1, 1, 1], weight=1, scale=Linear, bdc=[0, 0, 0, 0], num_dims=0
        num_sw_coherent - Software Coherency - No. of software coherrent levels, stage_mask=[0, 1, 0, 1], weight=1, scale=Linear, bdc=[0, 0, 0, 0], num_dims=0
        num_access_gran - Data Access Granularity - No. of data access granularity levels, stage_mask=[1, 1, 1, 1], weight=1, scale=Linear, bdc=[2, 0, 2, 0], num_dims=2
        num_props - Storage Properties - No. of storage properties [Activations, Weights, Output], stage_mask=[1, 0, 1, 0], weight=1, scale=Linear, bdc=[0, 0, 0, 0], num_dims=0
    nodetypes_set - Node Types Set - , combine=SUM, weight=1, bdc=[3, 0, 3, 0]
        node - Node - , combine=SUM, weight=1, bdc=[3, 0, 3, 0]
            data_mov - Data Movement - , combine=SUM, weight=1, bdc=[0, 0, 0, 0]
                local_dma - DMA Engines - DMA engines present in node [y/n] , stage_mask=[0, 0, 1, 1], weight=1, scale=Linear, bdc=[0, 0, 0, 0], num_dims=0
                num_stride - Stride - No. of dimensions of hardware supported stride, stage_mask=[1, 0, 1, 0], weight=1, scale=Linear, bdc=[0, 0, 0, 0], num_dims=0
                num_pattern - Patterns - No. of movement patterns [Peer-to-Peer, Broadcast, Scatter], stage_mask=[0, 1, 0, 1], weight=1, scale=Linear, bdc=[0, 0, 0, 0], num_dims=0
            control - Control - , combine=SUM, weight=1, bdc=[2, 0, 2, 0]
                instage_maskt_addr - Instage_maskt Addressing - Node supports instage_maskt addressing [y/n], stage_mask=[0, 1, 0, 0], weight=1, scale=Linear, bdc=[0, 0, 0, 0], num_dims=0
                loop_levels - Loop Levels  - No. of loop levels from full control flow, stage_mask=[0, 1, 0, 0], weight=1, scale=Linear, bdc=[0, 0, 0, 0], num_dims=0
                latency_hide - Latency Hiding - No. of latency hiding widgets [Threads, Double Buffers], stage_mask=[0, 0, 1, 1], weight=1, scale=Exponential, bdc=[0, 0, 0, 0], num_dims=0
                data_dep - Data Dependency - Sync. support between data producer and consumer, stage_mask=[1, 0, 1, 0], weight=1, scale=Linear, bdc=[2, 0, 2, 0], num_dims=2
                isa_decomp - ISA Specialization - Avg no. of ISA commands per operator, stage_mask=[1, 1, 1, 1], weight=1, scale=Linear, bdc=[0, 0, 0, 0], num_dims=0
            datapaths_set - Datapaths Set - , combine=SUM, weight=1, bdc=[1, 0, 1, 0]
                scalar - DataPath - Scalar Datapath, combine=SUM, weight=1, bdc=[1, 0, 1, 0]
                    num_dims_operation - Operation Dimensions - No. of dimensions of data operations, stage_mask=[1, 0, 0, 0], weight=1, scale=Linear, bdc=[0, 0, 0, 0], num_dims=0
                    num_dims_mask - Unmaskable Dimensions - No. of inner operation dimensions without masking support, stage_mask=[1, 0, 0, 0], weight=1, scale=Linear, bdc=[0, 0, 0, 0], num_dims=0
                    num_mem_levels - Memory Levels - No. of memory units in datapath [Input, Output, Internal], stage_mask=[1, 0, 1, 0], weight=1, scale=Linear, bdc=[1, 0, 1, 0], num_dims=1
                    latency_hide - Latency Hiding - No. of latency hiding widgets [Threads, Double Buffers], stage_mask=[0, 0, 1, 0], weight=1, scale=Linear, bdc=[0, 0, 0, 0], num_dims=0
    network - Network and Synchronization - , combine=SUM, weight=1, bdc=[0, 0, 0, 0]
        num_latency - Latency - No. of latency domains visible to node, stage_mask=[0, 0, 0, 1], weight=1, scale=Linear, bdc=[0, 0, 0, 0], num_dims=0
        num_bandwidth - Bandwidth - No. of bandwidth domains visible to node, stage_mask=[0, 0, 0, 1], weight=1, scale=Linear, bdc=[0, 0, 0, 0], num_dims=0
        num_topology - Topology Positions - No. of topology positions in node layout, stage_mask=[0, 0, 0, 1], weight=1, scale=Linear, bdc=[0, 0, 0, 0], num_dims=0
        num_sync_capability - Sync Capability - No. of inter-node sync. capabilities [Atomics, Interrupt], stage_mask=[0, 1, 0, 1], weight=1, scale=Linear, bdc=[0, 0, 0, 0], num_dims=0



[INFO ]  Feature Tree: Name = Xeon Skylake
BDC = [7, 4, 11.7, 14.7]

system - System Root - , combine=SUM, weight=1, bdc=[7, 4, 11.7, 14.7]
    memory - Memory Hierarchy - , combine=SUM, weight=1, bdc=[2, 2, 5, 5]
        num_cache - Implicit Data Movement - No. of cache levels, stage_mask=[0, 0, 1, 1], weight=1, scale=Linear, bdc=[0, 0, 3, 3], num_dims=3
        num_scratch - Explicit Data Movement - No. of scratchpad levels, stage_mask=[1, 1, 1, 1], weight=1, scale=Linear, bdc=[0, 0, 0, 0], num_dims=0
        num_sw_coherent - Software Coherency - No. of software coherrent levels, stage_mask=[0, 1, 0, 1], weight=1, scale=Linear, bdc=[0, 0, 0, 0], num_dims=0
        num_access_gran - Data Access Granularity - No. of data access granularity levels, stage_mask=[1, 1, 1, 1], weight=1, scale=Linear, bdc=[2, 2, 2, 2], num_dims=2
        num_props - Storage Properties - No. of storage properties [Activations, Weights, Output], stage_mask=[1, 0, 1, 0], weight=1, scale=Linear, bdc=[0, 0, 0, 0], num_dims=0
    nodetypes_set - Node Types Set - , combine=SUM, weight=1, bdc=[5, 0, 6.7, 2.7]
        node - Node - , combine=SUM, weight=1, bdc=[5, 0, 6.7, 2.7]
            data_mov - Data Movement - , combine=SUM, weight=1, bdc=[0, 0, 0, 0]
                local_dma - DMA Engines - DMA engines present in node [y/n] , stage_mask=[0, 0, 1, 1], weight=1, scale=Linear, bdc=[0, 0, 0, 0], num_dims=0
                num_stride - Stride - No. of dimensions of hardware supported stride, stage_mask=[1, 0, 1, 0], weight=1, scale=Linear, bdc=[0, 0, 0, 0], num_dims=0
                num_pattern - Patterns - No. of movement patterns [Peer-to-Peer, Broadcast, Scatter], stage_mask=[0, 1, 0, 1], weight=1, scale=Linear, bdc=[0, 0, 0, 0], num_dims=0
            control - Control - , combine=SUM, weight=1, bdc=[2, 0, 4.7, 2.7]
                instage_maskt_addr - Instage_maskt Addressing - Node supports instage_maskt addressing [y/n], stage_mask=[0, 1, 0, 0], weight=1, scale=Linear, bdc=[0, 0, 0, 0], num_dims=0
                loop_levels - Loop Levels  - No. of loop levels from full control flow, stage_mask=[0, 1, 0, 0], weight=1, scale=Linear, bdc=[0, 0, 0, 0], num_dims=0
                latency_hide - Latency Hiding - No. of latency hiding widgets [Threads, Double Buffers], stage_mask=[0, 0, 1, 1], weight=1, scale=Exponential, bdc=[0, 0, 2.7, 2.7], num_dims=1
                data_dep - Data Dependency - Sync. support between data producer and consumer, stage_mask=[1, 0, 1, 0], weight=1, scale=Linear, bdc=[2, 0, 2, 0], num_dims=2
                isa_decomp - ISA Specialization - Avg no. of ISA commands per operator, stage_mask=[1, 1, 1, 1], weight=1, scale=Linear, bdc=[0, 0, 0, 0], num_dims=0
            datapaths_set - Datapaths Set - , combine=SUM, weight=1, bdc=[3, 0, 2, 0]
                scalar - DataPath - Scalar Datapath, combine=SUM, weight=1, bdc=[1, 0, 1, 0]
                    num_dims_operation - Operation Dimensions - No. of dimensions of data operations, stage_mask=[1, 0, 0, 0], weight=1, scale=Linear, bdc=[0, 0, 0, 0], num_dims=0
                    num_dims_mask - Unmaskable Dimensions - No. of inner operation dimensions without masking support, stage_mask=[1, 0, 0, 0], weight=1, scale=Linear, bdc=[0, 0, 0, 0], num_dims=0
                    num_mem_levels - Memory Levels - No. of memory units in datapath [Input, Output, Internal], stage_mask=[1, 0, 1, 0], weight=1, scale=Linear, bdc=[1, 0, 1, 0], num_dims=1
                    latency_hide - Latency Hiding - No. of latency hiding widgets [Threads, Double Buffers], stage_mask=[0, 0, 1, 0], weight=1, scale=Linear, bdc=[0, 0, 0, 0], num_dims=0
                avx - DataPath - AVX Datapath, combine=SUM, weight=1, bdc=[2, 0, 1, 0]
                    num_dims_operation - Operation Dimensions - No. of dimensions of data operations, stage_mask=[1, 0, 0, 0], weight=1, scale=Linear, bdc=[1, 0, 0, 0], num_dims=1
                    num_dims_mask - Unmaskable Dimensions - No. of inner operation dimensions without masking support, stage_mask=[1, 0, 0, 0], weight=1, scale=Linear, bdc=[0, 0, 0, 0], num_dims=0
                    num_mem_levels - Memory Levels - No. of memory units in datapath [Input, Output, Internal], stage_mask=[1, 0, 1, 0], weight=1, scale=Linear, bdc=[1, 0, 1, 0], num_dims=1
                    latency_hide - Latency Hiding - No. of latency hiding widgets [Threads, Double Buffers], stage_mask=[0, 0, 1, 0], weight=1, scale=Linear, bdc=[0, 0, 0, 0], num_dims=0
    network - Network and Synchronization - , combine=SUM, weight=1, bdc=[0, 2, 0, 7]
        num_latency - Latency - No. of latency domains visible to node, stage_mask=[0, 0, 0, 1], weight=1, scale=Linear, bdc=[0, 0, 0, 2], num_dims=2
        num_bandwidth - Bandwidth - No. of bandwidth domains visible to node, stage_mask=[0, 0, 0, 1], weight=1, scale=Linear, bdc=[0, 0, 0, 2], num_dims=2
        num_topology - Topology Positions - No. of topology positions in node layout, stage_mask=[0, 0, 0, 1], weight=1, scale=Linear, bdc=[0, 0, 0, 1], num_dims=1
        num_sync_capability - Sync Capability - No. of inter-node sync. capabilities [Atomics, Interrupt], stage_mask=[0, 1, 0, 1], weight=1, scale=Linear, bdc=[0, 2, 0, 2], num_dims=2



[INFO ]  Feature Tree: Name = NVIDIA Fermi
BDC = [10, 5, 11.7, 13.7]

system - System Root - , combine=SUM, weight=1, bdc=[10, 5, 11.7, 13.7]
    memory - Memory Hierarchy - , combine=SUM, weight=1, bdc=[5, 4, 6, 5]
        num_cache - Implicit Data Movement - No. of cache levels, stage_mask=[0, 0, 1, 1], weight=1, scale=Linear, bdc=[0, 0, 1, 1], num_dims=1
        num_scratch - Explicit Data Movement - No. of scratchpad levels, stage_mask=[1, 1, 1, 1], weight=1, scale=Linear, bdc=[2, 2, 2, 2], num_dims=2
        num_sw_coherent - Software Coherency - No. of software coherrent levels, stage_mask=[0, 1, 0, 1], weight=1, scale=Linear, bdc=[0, 0, 0, 0], num_dims=0
        num_access_gran - Data Access Granularity - No. of data access granularity levels, stage_mask=[1, 1, 1, 1], weight=1, scale=Linear, bdc=[2, 2, 2, 2], num_dims=2
        num_props - Storage Properties - No. of storage properties [Activations, Weights, Output], stage_mask=[1, 0, 1, 0], weight=1, scale=Linear, bdc=[1, 0, 1, 0], num_dims=1
    nodetypes_set - Node Types Set - , combine=SUM, weight=1, bdc=[5, 0, 5.7, 3.7]
        node - Node - , combine=SUM, weight=1, bdc=[5, 0, 5.7, 3.7]
            data_mov - Data Movement - , combine=SUM, weight=1, bdc=[0, 0, 1, 1]
                local_dma - DMA Engines - DMA engines present in node [y/n] , stage_mask=[0, 0, 1, 1], weight=1, scale=Linear, bdc=[0, 0, 1, 1], num_dims=1
                num_stride - Stride - No. of dimensions of hardware supported stride, stage_mask=[1, 0, 1, 0], weight=1, scale=Linear, bdc=[0, 0, 0, 0], num_dims=0
                num_pattern - Patterns - No. of movement patterns [Peer-to-Peer, Broadcast, Scatter], stage_mask=[0, 1, 0, 1], weight=1, scale=Linear, bdc=[0, 0, 0, 0], num_dims=0
            control - Control - , combine=SUM, weight=1, bdc=[2, 0, 4.7, 2.7]
                instage_maskt_addr - Instage_maskt Addressing - Node supports instage_maskt addressing [y/n], stage_mask=[0, 1, 0, 0], weight=1, scale=Linear, bdc=[0, 0, 0, 0], num_dims=0
                loop_levels - Loop Levels  - No. of loop levels from full control flow, stage_mask=[0, 1, 0, 0], weight=1, scale=Linear, bdc=[0, 0, 0, 0], num_dims=0
                latency_hide - Latency Hiding - No. of latency hiding widgets [Threads, Double Buffers], stage_mask=[0, 0, 1, 1], weight=1, scale=Exponential, bdc=[0, 0, 2.7, 2.7], num_dims=1
                data_dep - Data Dependency - Sync. support between data producer and consumer, stage_mask=[1, 0, 1, 0], weight=1, scale=Linear, bdc=[2, 0, 2, 0], num_dims=2
                isa_decomp - ISA Specialization - Avg no. of ISA commands per operator, stage_mask=[1, 1, 1, 1], weight=1, scale=Linear, bdc=[0, 0, 0, 0], num_dims=0
            datapaths_set - Datapaths Set - , combine=SUM, weight=1, bdc=[3, 0, 0, 0]
                cuda - DataPath - CUDA Datapath, combine=SUM, weight=1, bdc=[3, 0, 0, 0]
                    num_dims_operation - Operation Dimensions - No. of dimensions of data operations, stage_mask=[1, 0, 0, 0], weight=1, scale=Linear, bdc=[2, 0, 0, 0], num_dims=2
                    num_dims_mask - Unmaskable Dimensions - No. of inner operation dimensions without masking support, stage_mask=[1, 0, 0, 0], weight=1, scale=Linear, bdc=[1, 0, 0, 0], num_dims=1
                    num_mem_levels - Memory Levels - No. of memory units in datapath [Input, Output, Internal], stage_mask=[1, 0, 1, 0], weight=1, scale=Linear, bdc=[0, 0, 0, 0], num_dims=0
                    latency_hide - Latency Hiding - No. of latency hiding widgets [Threads, Double Buffers], stage_mask=[0, 0, 1, 0], weight=1, scale=Linear, bdc=[0, 0, 0, 0], num_dims=0
    network - Network and Synchronization - , combine=SUM, weight=1, bdc=[0, 1, 0, 5]
        num_latency - Latency - No. of latency domains visible to node, stage_mask=[0, 0, 0, 1], weight=1, scale=Linear, bdc=[0, 0, 0, 2], num_dims=2
        num_bandwidth - Bandwidth - No. of bandwidth domains visible to node, stage_mask=[0, 0, 0, 1], weight=1, scale=Linear, bdc=[0, 0, 0, 2], num_dims=2
        num_topology - Topology Positions - No. of topology positions in node layout, stage_mask=[0, 0, 0, 1], weight=1, scale=Linear, bdc=[0, 0, 0, 0], num_dims=0
        num_sync_capability - Sync Capability - No. of inter-node sync. capabilities [Atomics, Interrupt], stage_mask=[0, 1, 0, 1], weight=1, scale=Linear, bdc=[0, 1, 0, 1], num_dims=1



[INFO ]  Feature Tree: Name = NVIDIA Turing
BDC = [15, 5, 11.7, 13.7]

system - System Root - , combine=SUM, weight=1, bdc=[15, 5, 11.7, 13.7]
    memory - Memory Hierarchy - , combine=SUM, weight=1, bdc=[5, 4, 6, 5]
        num_cache - Implicit Data Movement - No. of cache levels, stage_mask=[0, 0, 1, 1], weight=1, scale=Linear, bdc=[0, 0, 1, 1], num_dims=1
        num_scratch - Explicit Data Movement - No. of scratchpad levels, stage_mask=[1, 1, 1, 1], weight=1, scale=Linear, bdc=[2, 2, 2, 2], num_dims=2
        num_sw_coherent - Software Coherency - No. of software coherrent levels, stage_mask=[0, 1, 0, 1], weight=1, scale=Linear, bdc=[0, 0, 0, 0], num_dims=0
        num_access_gran - Data Access Granularity - No. of data access granularity levels, stage_mask=[1, 1, 1, 1], weight=1, scale=Linear, bdc=[2, 2, 2, 2], num_dims=2
        num_props - Storage Properties - No. of storage properties [Activations, Weights, Output], stage_mask=[1, 0, 1, 0], weight=1, scale=Linear, bdc=[1, 0, 1, 0], num_dims=1
    nodetypes_set - Node Types Set - , combine=SUM, weight=1, bdc=[10, 0, 5.7, 3.7]
        node - Node - , combine=SUM, weight=1, bdc=[10, 0, 5.7, 3.7]
            data_mov - Data Movement - , combine=SUM, weight=1, bdc=[0, 0, 1, 1]
                local_dma - DMA Engines - DMA engines present in node [y/n] , stage_mask=[0, 0, 1, 1], weight=1, scale=Linear, bdc=[0, 0, 1, 1], num_dims=1
                num_stride - Stride - No. of dimensions of hardware supported stride, stage_mask=[1, 0, 1, 0], weight=1, scale=Linear, bdc=[0, 0, 0, 0], num_dims=0
                num_pattern - Patterns - No. of movement patterns [Peer-to-Peer, Broadcast, Scatter], stage_mask=[0, 1, 0, 1], weight=1, scale=Linear, bdc=[0, 0, 0, 0], num_dims=0
            control - Control - , combine=SUM, weight=1, bdc=[2, 0, 4.7, 2.7]
                instage_maskt_addr - Instage_maskt Addressing - Node supports instage_maskt addressing [y/n], stage_mask=[0, 1, 0, 0], weight=1, scale=Linear, bdc=[0, 0, 0, 0], num_dims=0
                loop_levels - Loop Levels  - No. of loop levels from full control flow, stage_mask=[0, 1, 0, 0], weight=1, scale=Linear, bdc=[0, 0, 0, 0], num_dims=0
                latency_hide - Latency Hiding - No. of latency hiding widgets [Threads, Double Buffers], stage_mask=[0, 0, 1, 1], weight=1, scale=Exponential, bdc=[0, 0, 2.7, 2.7], num_dims=1
                data_dep - Data Dependency - Sync. support between data producer and consumer, stage_mask=[1, 0, 1, 0], weight=1, scale=Linear, bdc=[2, 0, 2, 0], num_dims=2
                isa_decomp - ISA Specialization - Avg no. of ISA commands per operator, stage_mask=[1, 1, 1, 1], weight=1, scale=Linear, bdc=[0, 0, 0, 0], num_dims=0
            datapaths_set - Datapaths Set - , combine=SUM, weight=1, bdc=[8, 0, 0, 0]
                cuda - DataPath - CUDA Datapath, combine=SUM, weight=1, bdc=[3, 0, 0, 0]
                    num_dims_operation - Operation Dimensions - No. of dimensions of data operations, stage_mask=[1, 0, 0, 0], weight=1, scale=Linear, bdc=[2, 0, 0, 0], num_dims=2
                    num_dims_mask - Unmaskable Dimensions - No. of inner operation dimensions without masking support, stage_mask=[1, 0, 0, 0], weight=1, scale=Linear, bdc=[1, 0, 0, 0], num_dims=1
                    num_mem_levels - Memory Levels - No. of memory units in datapath [Input, Output, Internal], stage_mask=[1, 0, 1, 0], weight=1, scale=Linear, bdc=[0, 0, 0, 0], num_dims=0
                    latency_hide - Latency Hiding - No. of latency hiding widgets [Threads, Double Buffers], stage_mask=[0, 0, 1, 0], weight=1, scale=Linear, bdc=[0, 0, 0, 0], num_dims=0
                tensor - DataPath - Tensor Datapath, combine=SUM, weight=1, bdc=[5, 0, 0, 0]
                    num_dims_operation - Operation Dimensions - No. of dimensions of data operations, stage_mask=[1, 0, 0, 0], weight=1, scale=Linear, bdc=[3, 0, 0, 0], num_dims=3
                    num_dims_mask - Unmaskable Dimensions - No. of inner operation dimensions without masking support, stage_mask=[1, 0, 0, 0], weight=1, scale=Linear, bdc=[2, 0, 0, 0], num_dims=2
                    num_mem_levels - Memory Levels - No. of memory units in datapath [Input, Output, Internal], stage_mask=[1, 0, 1, 0], weight=1, scale=Linear, bdc=[0, 0, 0, 0], num_dims=0
                    latency_hide - Latency Hiding - No. of latency hiding widgets [Threads, Double Buffers], stage_mask=[0, 0, 1, 0], weight=1, scale=Linear, bdc=[0, 0, 0, 0], num_dims=0
    network - Network and Synchronization - , combine=SUM, weight=1, bdc=[0, 1, 0, 5]
        num_latency - Latency - No. of latency domains visible to node, stage_mask=[0, 0, 0, 1], weight=1, scale=Linear, bdc=[0, 0, 0, 2], num_dims=2
        num_bandwidth - Bandwidth - No. of bandwidth domains visible to node, stage_mask=[0, 0, 0, 1], weight=1, scale=Linear, bdc=[0, 0, 0, 2], num_dims=2
        num_topology - Topology Positions - No. of topology positions in node layout, stage_mask=[0, 0, 0, 1], weight=1, scale=Linear, bdc=[0, 0, 0, 0], num_dims=0
        num_sync_capability - Sync Capability - No. of inter-node sync. capabilities [Atomics, Interrupt], stage_mask=[0, 1, 0, 1], weight=1, scale=Linear, bdc=[0, 1, 0, 1], num_dims=1



[INFO ]  Plot generated at: /utilizability/output/exp-1-stages
[INFO ]  Plot generated at: /utilizability/output/exp-1-stages
[INFO ]  Plot generated at: /utilizability/output/exp-1-cats
[INFO ]  Plot generated at: /utilizability/output/exp-1-cats
[INFO ]  Plot generated at: /utilizability/output/exp-1-cats-bars
[INFO ]  Plot generated at: /utilizability/output/exp-1-cats-bars
[INFO ]  Starting Experiment 2
[INFO ]  Feature Tree: Name = Google TPU
BDC = [10, 0, 9, 0]

system - System Root - , combine=SUM, weight=1, bdc=[10, 0, 9, 0]
    memory - Memory Hierarchy - , combine=SUM, weight=1, bdc=[3, 0, 4, 0]
        num_cache - Implicit Data Movement - No. of cache levels, stage_mask=[0, 0, 1, 1], weight=1, scale=Linear, bdc=[0, 0, 1, 0], num_dims=1
        num_scratch - Explicit Data Movement - No. of scratchpad levels, stage_mask=[1, 1, 1, 1], weight=1, scale=Linear, bdc=[1, 0, 1, 0], num_dims=1
        num_sw_coherent - Software Coherency - No. of software coherrent levels, stage_mask=[0, 1, 0, 1], weight=1, scale=Linear, bdc=[0, 0, 0, 0], num_dims=0
        num_access_gran - Data Access Granularity - No. of data access granularity levels, stage_mask=[1, 1, 1, 1], weight=1, scale=Linear, bdc=[2, 0, 2, 0], num_dims=2
        num_props - Storage Properties - No. of storage properties [Activations, Weights, Output], stage_mask=[1, 0, 1, 0], weight=1, scale=Linear, bdc=[0, 0, 0, 0], num_dims=0
    nodetypes_set - Node Types Set - , combine=SUM, weight=1, bdc=[7, 0, 5, 0]
        node - Node - , combine=SUM, weight=1, bdc=[7, 0, 5, 0]
            data_mov - Data Movement - , combine=SUM, weight=1, bdc=[1, 0, 2, 0]
                local_dma - DMA Engines - DMA engines present in node [y/n] , stage_mask=[0, 0, 1, 1], weight=1, scale=Linear, bdc=[0, 0, 1, 0], num_dims=1
                num_stride - Stride - No. of dimensions of hardware supported stride, stage_mask=[1, 0, 1, 0], weight=1, scale=Linear, bdc=[1, 0, 1, 0], num_dims=1
                num_pattern - Patterns - No. of movement patterns [Peer-to-Peer, Broadcast, Scatter], stage_mask=[0, 1, 0, 1], weight=1, scale=Linear, bdc=[0, 0, 0, 0], num_dims=0
            control - Control - , combine=SUM, weight=1, bdc=[1, 0, 1, 0]
                instage_maskt_addr - Instage_maskt Addressing - Node supports instage_maskt addressing [y/n], stage_mask=[0, 1, 0, 0], weight=1, scale=Linear, bdc=[0, 0, 0, 0], num_dims=0
                loop_levels - Loop Levels  - No. of loop levels from full control flow, stage_mask=[0, 1, 0, 0], weight=1, scale=Linear, bdc=[0, 0, 0, 0], num_dims=0
                latency_hide - Latency Hiding - No. of latency hiding widgets [Threads, Double Buffers], stage_mask=[0, 0, 1, 1], weight=1, scale=Exponential, bdc=[0, 0, 0, 0], num_dims=0
                data_dep - Data Dependency - Sync. support between data producer and consumer, stage_mask=[1, 0, 1, 0], weight=1, scale=Linear, bdc=[1, 0, 1, 0], num_dims=1
                isa_decomp - ISA Specialization - Avg no. of ISA commands per operator, stage_mask=[1, 1, 1, 1], weight=1, scale=Linear, bdc=[0, 0, 0, 0], num_dims=0
            datapaths_set - Datapaths Set - , combine=SUM, weight=1, bdc=[5, 0, 2, 0]
                main - DataPath - Main Datapath, combine=SUM, weight=1, bdc=[5, 0, 2, 0]
                    num_dims_operation - Operation Dimensions - No. of dimensions of data operations, stage_mask=[1, 0, 0, 0], weight=1, scale=Linear, bdc=[2, 0, 0, 0], num_dims=2
                    num_dims_mask - Unmaskable Dimensions - No. of inner operation dimensions without masking support, stage_mask=[1, 0, 0, 0], weight=1, scale=Linear, bdc=[2, 0, 0, 0], num_dims=2
                    num_mem_levels - Memory Levels - No. of memory units in datapath [Input, Output, Internal], stage_mask=[1, 0, 1, 0], weight=1, scale=Linear, bdc=[1, 0, 1, 0], num_dims=1
                    latency_hide - Latency Hiding - No. of latency hiding widgets [Threads, Double Buffers], stage_mask=[0, 0, 1, 0], weight=1, scale=Linear, bdc=[0, 0, 1, 0], num_dims=1
    network - Network and Synchronization - , combine=SUM, weight=1, bdc=[0, 0, 0, 0]
        num_latency - Latency - No. of latency domains visible to node, stage_mask=[0, 0, 0, 1], weight=1, scale=Linear, bdc=[0, 0, 0, 0], num_dims=0
        num_bandwidth - Bandwidth - No. of bandwidth domains visible to node, stage_mask=[0, 0, 0, 1], weight=1, scale=Linear, bdc=[0, 0, 0, 0], num_dims=0
        num_topology - Topology Positions - No. of topology positions in node layout, stage_mask=[0, 0, 0, 1], weight=1, scale=Linear, bdc=[0, 0, 0, 0], num_dims=0
        num_sync_capability - Sync Capability - No. of inter-node sync. capabilities [Atomics, Interrupt], stage_mask=[0, 1, 0, 1], weight=1, scale=Linear, bdc=[0, 0, 0, 0], num_dims=0



[INFO ]  Feature Tree: Name = Tesla NNA
BDC = [14, 0, 11, 0]

system - System Root - , combine=SUM, weight=1, bdc=[14, 0, 11, 0]
    memory - Memory Hierarchy - , combine=SUM, weight=1, bdc=[5, 0, 5, 0]
        num_cache - Implicit Data Movement - No. of cache levels, stage_mask=[0, 0, 1, 1], weight=1, scale=Linear, bdc=[0, 0, 0, 0], num_dims=0
        num_scratch - Explicit Data Movement - No. of scratchpad levels, stage_mask=[1, 1, 1, 1], weight=1, scale=Linear, bdc=[2, 0, 2, 0], num_dims=2
        num_sw_coherent - Software Coherency - No. of software coherrent levels, stage_mask=[0, 1, 0, 1], weight=1, scale=Linear, bdc=[0, 0, 0, 0], num_dims=0
        num_access_gran - Data Access Granularity - No. of data access granularity levels, stage_mask=[1, 1, 1, 1], weight=1, scale=Linear, bdc=[2, 0, 2, 0], num_dims=2
        num_props - Storage Properties - No. of storage properties [Activations, Weights, Output], stage_mask=[1, 0, 1, 0], weight=1, scale=Linear, bdc=[1, 0, 1, 0], num_dims=1
    nodetypes_set - Node Types Set - , combine=SUM, weight=1, bdc=[9, 0, 6, 0]
        node - Node - , combine=SUM, weight=1, bdc=[9, 0, 6, 0]
            data_mov - Data Movement - , combine=SUM, weight=1, bdc=[2, 0, 3, 0]
                local_dma - DMA Engines - DMA engines present in node [y/n] , stage_mask=[0, 0, 1, 1], weight=1, scale=Linear, bdc=[0, 0, 1, 0], num_dims=1
                num_stride - Stride - No. of dimensions of hardware supported stride, stage_mask=[1, 0, 1, 0], weight=1, scale=Linear, bdc=[2, 0, 2, 0], num_dims=2
                num_pattern - Patterns - No. of movement patterns [Peer-to-Peer, Broadcast, Scatter], stage_mask=[0, 1, 0, 1], weight=1, scale=Linear, bdc=[0, 0, 0, 0], num_dims=0
            control - Control - , combine=SUM, weight=1, bdc=[1, 0, 1, 0]
                instage_maskt_addr - Instage_maskt Addressing - Node supports instage_maskt addressing [y/n], stage_mask=[0, 1, 0, 0], weight=1, scale=Linear, bdc=[0, 0, 0, 0], num_dims=0
                loop_levels - Loop Levels  - No. of loop levels from full control flow, stage_mask=[0, 1, 0, 0], weight=1, scale=Linear, bdc=[0, 0, 0, 0], num_dims=1
                latency_hide - Latency Hiding - No. of latency hiding widgets [Threads, Double Buffers], stage_mask=[0, 0, 1, 1], weight=1, scale=Exponential, bdc=[0, 0, 0, 0], num_dims=0
                data_dep - Data Dependency - Sync. support between data producer and consumer, stage_mask=[1, 0, 1, 0], weight=1, scale=Linear, bdc=[1, 0, 1, 0], num_dims=1
                isa_decomp - ISA Specialization - Avg no. of ISA commands per operator, stage_mask=[1, 1, 1, 1], weight=1, scale=Linear, bdc=[0, 0, 0, 0], num_dims=0
            datapaths_set - Datapaths Set - , combine=SUM, weight=1, bdc=[6, 0, 2, 0]
                main - DataPath - Main Datapath, combine=SUM, weight=1, bdc=[6, 0, 2, 0]
                    num_dims_operation - Operation Dimensions - No. of dimensions of data operations, stage_mask=[1, 0, 0, 0], weight=1, scale=Linear, bdc=[2, 0, 0, 0], num_dims=2
                    num_dims_mask - Unmaskable Dimensions - No. of inner operation dimensions without masking support, stage_mask=[1, 0, 0, 0], weight=1, scale=Linear, bdc=[2, 0, 0, 0], num_dims=2
                    num_mem_levels - Memory Levels - No. of memory units in datapath [Input, Output, Internal], stage_mask=[1, 0, 1, 0], weight=1, scale=Linear, bdc=[2, 0, 2, 0], num_dims=2
                    latency_hide - Latency Hiding - No. of latency hiding widgets [Threads, Double Buffers], stage_mask=[0, 0, 1, 0], weight=1, scale=Linear, bdc=[0, 0, 0, 0], num_dims=0
    network - Network and Synchronization - , combine=SUM, weight=1, bdc=[0, 0, 0, 0]
        num_latency - Latency - No. of latency domains visible to node, stage_mask=[0, 0, 0, 1], weight=1, scale=Linear, bdc=[0, 0, 0, 0], num_dims=0
        num_bandwidth - Bandwidth - No. of bandwidth domains visible to node, stage_mask=[0, 0, 0, 1], weight=1, scale=Linear, bdc=[0, 0, 0, 0], num_dims=0
        num_topology - Topology Positions - No. of topology positions in node layout, stage_mask=[0, 0, 0, 1], weight=1, scale=Linear, bdc=[0, 0, 0, 0], num_dims=0
        num_sync_capability - Sync Capability - No. of inter-node sync. capabilities [Atomics, Interrupt], stage_mask=[0, 1, 0, 1], weight=1, scale=Linear, bdc=[0, 0, 0, 0], num_dims=0



[INFO ]  Feature Tree: Name = TVM's VTA
BDC = [15, 0, 12.7, 0]

system - System Root - , combine=SUM, weight=1, bdc=[15, 0, 12.7, 0]
    memory - Memory Hierarchy - , combine=SUM, weight=1, bdc=[6, 0, 6, 0]
        num_cache - Implicit Data Movement - No. of cache levels, stage_mask=[0, 0, 1, 1], weight=1, scale=Linear, bdc=[0, 0, 0, 0], num_dims=0
        num_scratch - Explicit Data Movement - No. of scratchpad levels, stage_mask=[1, 1, 1, 1], weight=1, scale=Linear, bdc=[1, 0, 1, 0], num_dims=1
        num_sw_coherent - Software Coherency - No. of software coherrent levels, stage_mask=[0, 1, 0, 1], weight=1, scale=Linear, bdc=[0, 0, 0, 0], num_dims=0
        num_access_gran - Data Access Granularity - No. of data access granularity levels, stage_mask=[1, 1, 1, 1], weight=1, scale=Linear, bdc=[2, 0, 2, 0], num_dims=2
        num_props - Storage Properties - No. of storage properties [Activations, Weights, Output], stage_mask=[1, 0, 1, 0], weight=1, scale=Linear, bdc=[3, 0, 3, 0], num_dims=3
    nodetypes_set - Node Types Set - , combine=SUM, weight=1, bdc=[9, 0, 6.7, 0]
        node - Node - , combine=SUM, weight=1, bdc=[9, 0, 6.7, 0]
            data_mov - Data Movement - , combine=SUM, weight=1, bdc=[2, 0, 3, 0]
                local_dma - DMA Engines - DMA engines present in node [y/n] , stage_mask=[0, 0, 1, 1], weight=1, scale=Linear, bdc=[0, 0, 1, 0], num_dims=1
                num_stride - Stride - No. of dimensions of hardware supported stride, stage_mask=[1, 0, 1, 0], weight=1, scale=Linear, bdc=[2, 0, 2, 0], num_dims=2
                num_pattern - Patterns - No. of movement patterns [Peer-to-Peer, Broadcast, Scatter], stage_mask=[0, 1, 0, 1], weight=1, scale=Linear, bdc=[0, 0, 0, 0], num_dims=0
            control - Control - , combine=SUM, weight=1, bdc=[1, 0, 3.7, 0]
                instage_maskt_addr - Instage_maskt Addressing - Node supports instage_maskt addressing [y/n], stage_mask=[0, 1, 0, 0], weight=1, scale=Linear, bdc=[0, 0, 0, 0], num_dims=0
                loop_levels - Loop Levels  - No. of loop levels from full control flow, stage_mask=[0, 1, 0, 0], weight=1, scale=Linear, bdc=[0, 0, 0, 0], num_dims=2
                latency_hide - Latency Hiding - No. of latency hiding widgets [Threads, Double Buffers], stage_mask=[0, 0, 1, 1], weight=1, scale=Exponential, bdc=[0, 0, 2.7, 0], num_dims=1
                data_dep - Data Dependency - Sync. support between data producer and consumer, stage_mask=[1, 0, 1, 0], weight=1, scale=Linear, bdc=[1, 0, 1, 0], num_dims=1
                isa_decomp - ISA Specialization - Avg no. of ISA commands per operator, stage_mask=[1, 1, 1, 1], weight=1, scale=Linear, bdc=[0, 0, 0, 0], num_dims=0
            datapaths_set - Datapaths Set - , combine=SUM, weight=1, bdc=[6, 0, 0, 0]
                alu - DataPath - ALU Datapath, combine=SUM, weight=1, bdc=[2, 0, 0, 0]
                    num_dims_operation - Operation Dimensions - No. of dimensions of data operations, stage_mask=[1, 0, 0, 0], weight=1, scale=Linear, bdc=[1, 0, 0, 0], num_dims=1
                    num_dims_mask - Unmaskable Dimensions - No. of inner operation dimensions without masking support, stage_mask=[1, 0, 0, 0], weight=1, scale=Linear, bdc=[1, 0, 0, 0], num_dims=1
                    num_mem_levels - Memory Levels - No. of memory units in datapath [Input, Output, Internal], stage_mask=[1, 0, 1, 0], weight=1, scale=Linear, bdc=[0, 0, 0, 0], num_dims=0
                    latency_hide - Latency Hiding - No. of latency hiding widgets [Threads, Double Buffers], stage_mask=[0, 0, 1, 0], weight=1, scale=Linear, bdc=[0, 0, 0, 0], num_dims=0
                gemm - DataPath - GEMM Datapath, combine=SUM, weight=1, bdc=[4, 0, 0, 0]
                    num_dims_operation - Operation Dimensions - No. of dimensions of data operations, stage_mask=[1, 0, 0, 0], weight=1, scale=Linear, bdc=[2, 0, 0, 0], num_dims=2
                    num_dims_mask - Unmaskable Dimensions - No. of inner operation dimensions without masking support, stage_mask=[1, 0, 0, 0], weight=1, scale=Linear, bdc=[2, 0, 0, 0], num_dims=2
                    num_mem_levels - Memory Levels - No. of memory units in datapath [Input, Output, Internal], stage_mask=[1, 0, 1, 0], weight=1, scale=Linear, bdc=[0, 0, 0, 0], num_dims=0
                    latency_hide - Latency Hiding - No. of latency hiding widgets [Threads, Double Buffers], stage_mask=[0, 0, 1, 0], weight=1, scale=Linear, bdc=[0, 0, 0, 0], num_dims=0
    network - Network and Synchronization - , combine=SUM, weight=1, bdc=[0, 0, 0, 0]
        num_latency - Latency - No. of latency domains visible to node, stage_mask=[0, 0, 0, 1], weight=1, scale=Linear, bdc=[0, 0, 0, 0], num_dims=0
        num_bandwidth - Bandwidth - No. of bandwidth domains visible to node, stage_mask=[0, 0, 0, 1], weight=1, scale=Linear, bdc=[0, 0, 0, 0], num_dims=0
        num_topology - Topology Positions - No. of topology positions in node layout, stage_mask=[0, 0, 0, 1], weight=1, scale=Linear, bdc=[0, 0, 0, 0], num_dims=0
        num_sync_capability - Sync Capability - No. of inter-node sync. capabilities [Atomics, Interrupt], stage_mask=[0, 1, 0, 1], weight=1, scale=Linear, bdc=[0, 0, 0, 0], num_dims=0



[INFO ]  Feature Tree: Name = Simba
BDC = [15, 7, 11, 13]

system - System Root - , combine=SUM, weight=1, bdc=[15, 7, 11, 13]
    memory - Memory Hierarchy - , combine=SUM, weight=1, bdc=[4, 4, 4, 4]
        num_cache - Implicit Data Movement - No. of cache levels, stage_mask=[0, 0, 1, 1], weight=1, scale=Linear, bdc=[0, 0, 0, 0], num_dims=0
        num_scratch - Explicit Data Movement - No. of scratchpad levels, stage_mask=[1, 1, 1, 1], weight=1, scale=Linear, bdc=[2, 2, 2, 2], num_dims=2
        num_sw_coherent - Software Coherency - No. of software coherrent levels, stage_mask=[0, 1, 0, 1], weight=1, scale=Linear, bdc=[0, 0, 0, 0], num_dims=0
        num_access_gran - Data Access Granularity - No. of data access granularity levels, stage_mask=[1, 1, 1, 1], weight=1, scale=Linear, bdc=[2, 2, 2, 2], num_dims=2
        num_props - Storage Properties - No. of storage properties [Activations, Weights, Output], stage_mask=[1, 0, 1, 0], weight=1, scale=Linear, bdc=[0, 0, 0, 0], num_dims=0
    nodetypes_set - Node Types Set - , combine=SUM, weight=1, bdc=[11, 2, 7, 3]
        node - Node - , combine=SUM, weight=1, bdc=[11, 2, 7, 3]
            data_mov - Data Movement - , combine=SUM, weight=1, bdc=[2, 2, 3, 3]
                local_dma - DMA Engines - DMA engines present in node [y/n] , stage_mask=[0, 0, 1, 1], weight=1, scale=Linear, bdc=[0, 0, 1, 1], num_dims=1
                num_stride - Stride - No. of dimensions of hardware supported stride, stage_mask=[1, 0, 1, 0], weight=1, scale=Linear, bdc=[2, 0, 2, 0], num_dims=2
                num_pattern - Patterns - No. of movement patterns [Peer-to-Peer, Broadcast, Scatter], stage_mask=[0, 1, 0, 1], weight=1, scale=Linear, bdc=[0, 2, 0, 2], num_dims=2
            control - Control - , combine=SUM, weight=1, bdc=[2, 0, 2, 0]
                instage_maskt_addr - Instage_maskt Addressing - Node supports instage_maskt addressing [y/n], stage_mask=[0, 1, 0, 0], weight=1, scale=Linear, bdc=[0, 0, 0, 0], num_dims=0
                loop_levels - Loop Levels  - No. of loop levels from full control flow, stage_mask=[0, 1, 0, 0], weight=1, scale=Linear, bdc=[0, 0, 0, 0], num_dims=0
                latency_hide - Latency Hiding - No. of latency hiding widgets [Threads, Double Buffers], stage_mask=[0, 0, 1, 1], weight=1, scale=Exponential, bdc=[0, 0, 0, 0], num_dims=0
                data_dep - Data Dependency - Sync. support between data producer and consumer, stage_mask=[1, 0, 1, 0], weight=1, scale=Linear, bdc=[2, 0, 2, 0], num_dims=2
                isa_decomp - ISA Specialization - Avg no. of ISA commands per operator, stage_mask=[1, 1, 1, 1], weight=1, scale=Linear, bdc=[0, 0, 0, 0], num_dims=0
            datapaths_set - Datapaths Set - , combine=SUM, weight=1, bdc=[7, 0, 2, 0]
                simba_pe - DataPath - Simba PE Datapath, combine=SUM, weight=1, bdc=[6, 0, 1, 0]
                    num_dims_operation - Operation Dimensions - No. of dimensions of data operations, stage_mask=[1, 0, 0, 0], weight=1, scale=Linear, bdc=[3, 0, 0, 0], num_dims=3
                    num_dims_mask - Unmaskable Dimensions - No. of inner operation dimensions without masking support, stage_mask=[1, 0, 0, 0], weight=1, scale=Linear, bdc=[2, 0, 0, 0], num_dims=2
                    num_mem_levels - Memory Levels - No. of memory units in datapath [Input, Output, Internal], stage_mask=[1, 0, 1, 0], weight=1, scale=Linear, bdc=[1, 0, 1, 0], num_dims=1
                    latency_hide - Latency Hiding - No. of latency hiding widgets [Threads, Double Buffers], stage_mask=[0, 0, 1, 0], weight=1, scale=Linear, bdc=[0, 0, 0, 0], num_dims=0
                global_pe_scalar - DataPath - Global PE Scalar Datapath, combine=SUM, weight=1, bdc=[1, 0, 1, 0]
                    num_dims_operation - Operation Dimensions - No. of dimensions of data operations, stage_mask=[1, 0, 0, 0], weight=1, scale=Linear, bdc=[0, 0, 0, 0], num_dims=0
                    num_dims_mask - Unmaskable Dimensions - No. of inner operation dimensions without masking support, stage_mask=[1, 0, 0, 0], weight=1, scale=Linear, bdc=[0, 0, 0, 0], num_dims=0
                    num_mem_levels - Memory Levels - No. of memory units in datapath [Input, Output, Internal], stage_mask=[1, 0, 1, 0], weight=1, scale=Linear, bdc=[1, 0, 1, 0], num_dims=1
                    latency_hide - Latency Hiding - No. of latency hiding widgets [Threads, Double Buffers], stage_mask=[0, 0, 1, 0], weight=1, scale=Linear, bdc=[0, 0, 0, 0], num_dims=0
    network - Network and Synchronization - , combine=SUM, weight=1, bdc=[0, 1, 0, 6]
        num_latency - Latency - No. of latency domains visible to node, stage_mask=[0, 0, 0, 1], weight=1, scale=Linear, bdc=[0, 0, 0, 1], num_dims=1
        num_bandwidth - Bandwidth - No. of bandwidth domains visible to node, stage_mask=[0, 0, 0, 1], weight=1, scale=Linear, bdc=[0, 0, 0, 1], num_dims=1
        num_topology - Topology Positions - No. of topology positions in node layout, stage_mask=[0, 0, 0, 1], weight=1, scale=Linear, bdc=[0, 0, 0, 3], num_dims=3
        num_sync_capability - Sync Capability - No. of inter-node sync. capabilities [Atomics, Interrupt], stage_mask=[0, 1, 0, 1], weight=1, scale=Linear, bdc=[0, 1, 0, 1], num_dims=1



[INFO ]  Feature Tree: Name = Intel SH
BDC = [29, 11, 27.7, 21.7]

system - System Root - , combine=SUM, weight=1, bdc=[29, 11, 27.7, 21.7]
    memory - Memory Hierarchy - , combine=SUM, weight=1, bdc=[4, 4, 5, 5]
        num_cache - Implicit Data Movement - No. of cache levels, stage_mask=[0, 0, 1, 1], weight=1, scale=Linear, bdc=[0, 0, 1, 1], num_dims=1
        num_scratch - Explicit Data Movement - No. of scratchpad levels, stage_mask=[1, 1, 1, 1], weight=1, scale=Linear, bdc=[2, 2, 2, 2], num_dims=2
        num_sw_coherent - Software Coherency - No. of software coherrent levels, stage_mask=[0, 1, 0, 1], weight=1, scale=Linear, bdc=[0, 0, 0, 0], num_dims=0
        num_access_gran - Data Access Granularity - No. of data access granularity levels, stage_mask=[1, 1, 1, 1], weight=1, scale=Linear, bdc=[2, 2, 2, 2], num_dims=2
        num_props - Storage Properties - No. of storage properties [Activations, Weights, Output], stage_mask=[1, 0, 1, 0], weight=1, scale=Linear, bdc=[0, 0, 0, 0], num_dims=0
    nodetypes_set - Node Types Set - , combine=SUM, weight=1, bdc=[25, 5, 22.7, 9.7]
        dsp - Node - DSP Node, combine=SUM, weight=1, bdc=[6, 3, 6, 4]
            data_mov - Data Movement - , combine=SUM, weight=1, bdc=[1, 3, 2, 4]
                local_dma - DMA Engines - DMA engines present in node [y/n] , stage_mask=[0, 0, 1, 1], weight=1, scale=Linear, bdc=[0, 0, 1, 1], num_dims=1
                num_stride - Stride - No. of dimensions of hardware supported stride, stage_mask=[1, 0, 1, 0], weight=1, scale=Linear, bdc=[1, 0, 1, 0], num_dims=1
                num_pattern - Patterns - No. of movement patterns [Peer-to-Peer, Broadcast, Scatter], stage_mask=[0, 1, 0, 1], weight=1, scale=Linear, bdc=[0, 3, 0, 3], num_dims=3
            control - Control - , combine=SUM, weight=1, bdc=[2, 0, 2, 0]
                instage_maskt_addr - Instage_maskt Addressing - Node supports instage_maskt addressing [y/n], stage_mask=[0, 1, 0, 0], weight=1, scale=Linear, bdc=[0, 0, 0, 0], num_dims=0
                loop_levels - Loop Levels  - No. of loop levels from full control flow, stage_mask=[0, 1, 0, 0], weight=1, scale=Linear, bdc=[0, 0, 0, 0], num_dims=0
                latency_hide - Latency Hiding - No. of latency hiding widgets [Threads, Double Buffers], stage_mask=[0, 0, 1, 1], weight=1, scale=Exponential, bdc=[0, 0, 0, 0], num_dims=0
                data_dep - Data Dependency - Sync. support between data producer and consumer, stage_mask=[1, 0, 1, 0], weight=1, scale=Linear, bdc=[2, 0, 2, 0], num_dims=2
                isa_decomp - ISA Specialization - Avg no. of ISA commands per operator, stage_mask=[1, 1, 1, 1], weight=1, scale=Linear, bdc=[0, 0, 0, 0], num_dims=0
            datapaths_set - Datapaths Set - , combine=SUM, weight=1, bdc=[3, 0, 2, 0]
                dsp_vec - DataPath - DSP Vector Datapath, combine=SUM, weight=1, bdc=[2, 0, 1, 0]
                    num_dims_operation - Operation Dimensions - No. of dimensions of data operations, stage_mask=[1, 0, 0, 0], weight=1, scale=Linear, bdc=[1, 0, 0, 0], num_dims=1
                    num_dims_mask - Unmaskable Dimensions - No. of inner operation dimensions without masking support, stage_mask=[1, 0, 0, 0], weight=1, scale=Linear, bdc=[0, 0, 0, 0], num_dims=0
                    num_mem_levels - Memory Levels - No. of memory units in datapath [Input, Output, Internal], stage_mask=[1, 0, 1, 0], weight=1, scale=Linear, bdc=[1, 0, 1, 0], num_dims=1
                    latency_hide - Latency Hiding - No. of latency hiding widgets [Threads, Double Buffers], stage_mask=[0, 0, 1, 0], weight=1, scale=Linear, bdc=[0, 0, 0, 0], num_dims=0
                dsp_sca - DataPath - DSP Scalar Datapath, combine=SUM, weight=1, bdc=[1, 0, 1, 0]
                    num_dims_operation - Operation Dimensions - No. of dimensions of data operations, stage_mask=[1, 0, 0, 0], weight=1, scale=Linear, bdc=[0, 0, 0, 0], num_dims=0
                    num_dims_mask - Unmaskable Dimensions - No. of inner operation dimensions without masking support, stage_mask=[1, 0, 0, 0], weight=1, scale=Linear, bdc=[0, 0, 0, 0], num_dims=0
                    num_mem_levels - Memory Levels - No. of memory units in datapath [Input, Output, Internal], stage_mask=[1, 0, 1, 0], weight=1, scale=Linear, bdc=[1, 0, 1, 0], num_dims=1
                    latency_hide - Latency Hiding - No. of latency hiding widgets [Threads, Double Buffers], stage_mask=[0, 0, 1, 0], weight=1, scale=Linear, bdc=[0, 0, 0, 0], num_dims=0
        dl_grid - Node - DL Grid Node, combine=SUM, weight=1, bdc=[14, 2, 10, 3]
            data_mov - Data Movement - , combine=SUM, weight=1, bdc=[5, 2, 6, 3]
                local_dma - DMA Engines - DMA engines present in node [y/n] , stage_mask=[0, 0, 1, 1], weight=1, scale=Linear, bdc=[0, 0, 1, 1], num_dims=1
                num_stride - Stride - No. of dimensions of hardware supported stride, stage_mask=[1, 0, 1, 0], weight=1, scale=Linear, bdc=[5, 0, 5, 0], num_dims=5
                num_pattern - Patterns - No. of movement patterns [Peer-to-Peer, Broadcast, Scatter], stage_mask=[0, 1, 0, 1], weight=1, scale=Linear, bdc=[0, 2, 0, 2], num_dims=2
            control - Control - , combine=SUM, weight=1, bdc=[2, 0, 2, 0]
                instage_maskt_addr - Instage_maskt Addressing - Node supports instage_maskt addressing [y/n], stage_mask=[0, 1, 0, 0], weight=1, scale=Linear, bdc=[0, 0, 0, 0], num_dims=0
                loop_levels - Loop Levels  - No. of loop levels from full control flow, stage_mask=[0, 1, 0, 0], weight=1, scale=Linear, bdc=[0, 0, 0, 0], num_dims=0
                latency_hide - Latency Hiding - No. of latency hiding widgets [Threads, Double Buffers], stage_mask=[0, 0, 1, 1], weight=1, scale=Exponential, bdc=[0, 0, 0, 0], num_dims=0
                data_dep - Data Dependency - Sync. support between data producer and consumer, stage_mask=[1, 0, 1, 0], weight=1, scale=Linear, bdc=[2, 0, 2, 0], num_dims=2
                isa_decomp - ISA Specialization - Avg no. of ISA commands per operator, stage_mask=[1, 1, 1, 1], weight=1, scale=Linear, bdc=[0, 0, 0, 0], num_dims=0
            datapaths_set - Datapaths Set - , combine=SUM, weight=1, bdc=[7, 0, 2, 0]
                dl_comp - DataPath - DL Compute Grid Datapath, combine=SUM, weight=1, bdc=[7, 0, 2, 0]
                    num_dims_operation - Operation Dimensions - No. of dimensions of data operations, stage_mask=[1, 0, 0, 0], weight=1, scale=Linear, bdc=[3, 0, 0, 0], num_dims=3
                    num_dims_mask - Unmaskable Dimensions - No. of inner operation dimensions without masking support, stage_mask=[1, 0, 0, 0], weight=1, scale=Linear, bdc=[2, 0, 0, 0], num_dims=2
                    num_mem_levels - Memory Levels - No. of memory units in datapath [Input, Output, Internal], stage_mask=[1, 0, 1, 0], weight=1, scale=Linear, bdc=[2, 0, 2, 0], num_dims=2
                    latency_hide - Latency Hiding - No. of latency hiding widgets [Threads, Double Buffers], stage_mask=[0, 0, 1, 0], weight=1, scale=Linear, bdc=[0, 0, 0, 0], num_dims=0
        ia_snc - Node - IA SNC Node, combine=SUM, weight=1, bdc=[5, 0, 6.7, 2.7]
            data_mov - Data Movement - , combine=SUM, weight=1, bdc=[0, 0, 0, 0]
                local_dma - DMA Engines - DMA engines present in node [y/n] , stage_mask=[0, 0, 1, 1], weight=1, scale=Linear, bdc=[0, 0, 0, 0], num_dims=0
                num_stride - Stride - No. of dimensions of hardware supported stride, stage_mask=[1, 0, 1, 0], weight=1, scale=Linear, bdc=[0, 0, 0, 0], num_dims=0
                num_pattern - Patterns - No. of movement patterns [Peer-to-Peer, Broadcast, Scatter], stage_mask=[0, 1, 0, 1], weight=1, scale=Linear, bdc=[0, 0, 0, 0], num_dims=0
            control - Control - , combine=SUM, weight=1, bdc=[2, 0, 4.7, 2.7]
                instage_maskt_addr - Instage_maskt Addressing - Node supports instage_maskt addressing [y/n], stage_mask=[0, 1, 0, 0], weight=1, scale=Linear, bdc=[0, 0, 0, 0], num_dims=0
                loop_levels - Loop Levels  - No. of loop levels from full control flow, stage_mask=[0, 1, 0, 0], weight=1, scale=Linear, bdc=[0, 0, 0, 0], num_dims=0
                latency_hide - Latency Hiding - No. of latency hiding widgets [Threads, Double Buffers], stage_mask=[0, 0, 1, 1], weight=1, scale=Exponential, bdc=[0, 0, 2.7, 2.7], num_dims=1
                data_dep - Data Dependency - Sync. support between data producer and consumer, stage_mask=[1, 0, 1, 0], weight=1, scale=Linear, bdc=[2, 0, 2, 0], num_dims=2
                isa_decomp - ISA Specialization - Avg no. of ISA commands per operator, stage_mask=[1, 1, 1, 1], weight=1, scale=Linear, bdc=[0, 0, 0, 0], num_dims=0
            datapaths_set - Datapaths Set - , combine=SUM, weight=1, bdc=[3, 0, 2, 0]
                avx - DataPath - AVX Datapath, combine=SUM, weight=1, bdc=[2, 0, 1, 0]
                    num_dims_operation - Operation Dimensions - No. of dimensions of data operations, stage_mask=[1, 0, 0, 0], weight=1, scale=Linear, bdc=[1, 0, 0, 0], num_dims=1
                    num_dims_mask - Unmaskable Dimensions - No. of inner operation dimensions without masking support, stage_mask=[1, 0, 0, 0], weight=1, scale=Linear, bdc=[0, 0, 0, 0], num_dims=0
                    num_mem_levels - Memory Levels - No. of memory units in datapath [Input, Output, Internal], stage_mask=[1, 0, 1, 0], weight=1, scale=Linear, bdc=[1, 0, 1, 0], num_dims=1
                    latency_hide - Latency Hiding - No. of latency hiding widgets [Threads, Double Buffers], stage_mask=[0, 0, 1, 0], weight=1, scale=Linear, bdc=[0, 0, 0, 0], num_dims=0
                scalar - DataPath - Scalar Datapath, combine=SUM, weight=1, bdc=[1, 0, 1, 0]
                    num_dims_operation - Operation Dimensions - No. of dimensions of data operations, stage_mask=[1, 0, 0, 0], weight=1, scale=Linear, bdc=[0, 0, 0, 0], num_dims=0
                    num_dims_mask - Unmaskable Dimensions - No. of inner operation dimensions without masking support, stage_mask=[1, 0, 0, 0], weight=1, scale=Linear, bdc=[0, 0, 0, 0], num_dims=0
                    num_mem_levels - Memory Levels - No. of memory units in datapath [Input, Output, Internal], stage_mask=[1, 0, 1, 0], weight=1, scale=Linear, bdc=[1, 0, 1, 0], num_dims=1
                    latency_hide - Latency Hiding - No. of latency hiding widgets [Threads, Double Buffers], stage_mask=[0, 0, 1, 0], weight=1, scale=Linear, bdc=[0, 0, 0, 0], num_dims=0
    network - Network and Synchronization - , combine=SUM, weight=1, bdc=[0, 2, 0, 7]
        num_latency - Latency - No. of latency domains visible to node, stage_mask=[0, 0, 0, 1], weight=1, scale=Linear, bdc=[0, 0, 0, 2], num_dims=2
        num_bandwidth - Bandwidth - No. of bandwidth domains visible to node, stage_mask=[0, 0, 0, 1], weight=1, scale=Linear, bdc=[0, 0, 0, 2], num_dims=2
        num_topology - Topology Positions - No. of topology positions in node layout, stage_mask=[0, 0, 0, 1], weight=1, scale=Linear, bdc=[0, 0, 0, 1], num_dims=1
        num_sync_capability - Sync Capability - No. of inter-node sync. capabilities [Atomics, Interrupt], stage_mask=[0, 1, 0, 1], weight=1, scale=Linear, bdc=[0, 2, 0, 2], num_dims=2



[INFO ]  Plot generated at: /utilizability/output/exp-2-stages
[INFO ]  Plot generated at: /utilizability/output/exp-2-stages
[INFO ]  Plot generated at: /utilizability/output/exp-2-cats
[INFO ]  Plot generated at: /utilizability/output/exp-2-cats
[INFO ]  Plot generated at: /utilizability/output/exp-2-cats-bars
[INFO ]  Plot generated at: /utilizability/output/exp-2-cats-bars
