[INFO ]  Logging setup
[INFO ]  Feature Tree: Name = Default HW Name
BDC = None

system - System Root - , combine=SUM, weight=1, bdc=None
    memory - Memory Hierarchy - , combine=SUM, weight=1, bdc=None
        num_cache - Implicit Data Movement - No. of cache levels, stage_mask=[0, 0, 1, 1], weight=1, scale=Linear, bdc=None, num_dims=0
        num_scratch - Explicit Data Movement - No. of scratchpad levels, stage_mask=[1, 1, 1, 1], weight=1, scale=Linear, bdc=None, num_dims=0
        num_sw_coherent - Software Coherency - No. of software coherrent levels, stage_mask=[0, 1, 0, 1], weight=1, scale=Linear, bdc=None, num_dims=0
        num_props - Storage Properties - No. of storage properties [Activations, Weights, Output], stage_mask=[1, 0, 1, 0], weight=1, scale=Linear, bdc=None, num_dims=0
    nodetypes_set - Node Types Set - , combine=SUM, weight=1, bdc=None
        node - Node - , combine=SUM, weight=1, bdc=None
            data_mov - Data Movement - , combine=SUM, weight=1, bdc=None
                num_gran - Granularity - No. of movement packet sizes, stage_mask=[1, 0, 1, 0], weight=1, scale=Linear, bdc=None, num_dims=0
                num_pattern - Patterns - No. of movement patterns [Peer-to-Peer, Broadcast, Scatter], stage_mask=[0, 1, 0, 1], weight=1, scale=Linear, bdc=None, num_dims=0
            control - Control - , combine=SUM, weight=1, bdc=None
                latency_hide - Latency Hiding - No. of latency hiding widgets [Threads, Double Buffers], stage_mask=[0, 0, 1, 1], weight=1, scale=Linear, bdc=None, num_dims=0
                data_dep - Data Dependency - Sync. support between data producer and consumer, stage_mask=[1, 0, 1, 0], weight=1, scale=Linear, bdc=None, num_dims=0
            datapaths_set - Datapaths Set - , combine=SUM, weight=1, bdc=None
                datapath - DataPath - , combine=SUM, weight=1, bdc=None
                    num_dims_operation - Operation Dimensions - No. of dimensions of data operations, stage_mask=[1, 0, 0, 0], weight=1, scale=Linear, bdc=None, num_dims=0
                    num_dims_mask - Unmaskable Dimensions - No. of inner operation dimensions without masking support, stage_mask=[1, 0, 0, 0], weight=1, scale=Linear, bdc=None, num_dims=0
                    num_mem_levels - Memory Levels - No. of memory units in datapath [Input, Output, Internal], stage_mask=[1, 0, 1, 0], weight=1, scale=Linear, bdc=None, num_dims=0
                    latency_hide - Latency Hiding - No. of latency hiding widgets [Threads, Double Buffers], stage_mask=[0, 0, 1, 0], weight=1, scale=Linear, bdc=None, num_dims=0
    network - Network and Synchronization - , combine=SUM, weight=1, bdc=None
        num_latency - Latency - No. of latency domains visible to node, stage_mask=[0, 0, 0, 1], weight=1, scale=Linear, bdc=None, num_dims=0
        num_bandwidth - Bandwidth - No. of bandwidth domains visible to node, stage_mask=[0, 0, 0, 1], weight=1, scale=Linear, bdc=None, num_dims=0
        num_topology - Topology Positions - No. of topology positions in node layout, stage_mask=[0, 0, 0, 1], weight=1, scale=Linear, bdc=None, num_dims=0
        num_sync_capability - Sync Capability - No. of inter-node sync. capabilities [Atomics, Interrupt], stage_mask=[0, 1, 0, 1], weight=1, scale=Linear, bdc=None, num_dims=0


[INFO ]  Generated markdown files at: /eisenhower/spiking_nn
[INFO ]  Starting Experiment 1
[INFO ]  Feature Tree: Name = Unicore RISCV
BDC = [3, 0, 4, 0]

system - System Root - , combine=SUM, weight=1, bdc=[3, 0, 4, 0]
    memory - Memory Hierarchy - , combine=SUM, weight=1, bdc=[0, 0, 1, 0]
        num_cache - Implicit Data Movement - No. of cache levels, stage_mask=[0, 0, 1, 1], weight=1, scale=Linear, bdc=[0, 0, 1, 0], num_dims=1
        num_scratch - Explicit Data Movement - No. of scratchpad levels, stage_mask=[1, 1, 1, 1], weight=1, scale=Linear, bdc=[0, 0, 0, 0], num_dims=0
        num_sw_coherent - Software Coherency - No. of software coherrent levels, stage_mask=[0, 1, 0, 1], weight=1, scale=Linear, bdc=[0, 0, 0, 0], num_dims=0
        num_props - Storage Properties - No. of storage properties [Activations, Weights, Output], stage_mask=[1, 0, 1, 0], weight=1, scale=Linear, bdc=[0, 0, 0, 0], num_dims=0
    nodetypes_set - Node Types Set - , combine=SUM, weight=1, bdc=[3, 0, 3, 0]
        node - Node - , combine=SUM, weight=1, bdc=[3, 0, 3, 0]
            data_mov - Data Movement - , combine=SUM, weight=1, bdc=[0, 0, 0, 0]
                num_gran - Granularity - No. of movement packet sizes, stage_mask=[1, 0, 1, 0], weight=1, scale=Linear, bdc=[0, 0, 0, 0], num_dims=0
                num_pattern - Patterns - No. of movement patterns [Peer-to-Peer, Broadcast, Scatter], stage_mask=[0, 1, 0, 1], weight=1, scale=Linear, bdc=[0, 0, 0, 0], num_dims=0
            control - Control - , combine=SUM, weight=1, bdc=[2, 0, 2, 0]
                latency_hide - Latency Hiding - No. of latency hiding widgets [Threads, Double Buffers], stage_mask=[0, 0, 1, 1], weight=1, scale=Linear, bdc=[0, 0, 0, 0], num_dims=0
                data_dep - Data Dependency - Sync. support between data producer and consumer, stage_mask=[1, 0, 1, 0], weight=1, scale=Linear, bdc=[2, 0, 2, 0], num_dims=2
            datapaths_set - Datapaths Set - , combine=SUM, weight=1, bdc=[1, 0, 1, 0]
                scalar - DataPath - Scalar Datapath, combine=SUM, weight=1, bdc=[1, 0, 1, 0]
                    num_dims_operation - Operation Dimensions - No. of dimensions of data operations, stage_mask=[1, 0, 0, 0], weight=1, scale=Linear, bdc=[0, 0, 0, 0], num_dims=0
                    num_dims_mask - Unmaskable Dimensions - No. of inner operation dimensions without masking support, stage_mask=[1, 0, 0, 0], weight=1, scale=Linear, bdc=[0, 0, 0, 0], num_dims=0
                    num_mem_levels - Memory Levels - No. of memory units in datapath [Input, Output, Internal], stage_mask=[1, 0, 1, 0], weight=1, scale=Linear, bdc=[1, 0, 1, 0], num_dims=1
                    latency_hide - Latency Hiding - No. of latency hiding widgets [Threads, Double Buffers], stage_mask=[0, 0, 1, 0], weight=1, scale=Linear, bdc=[0, 0, 0, 0], num_dims=0
    network - Network and Synchronization - , combine=SUM, weight=1, bdc=[0, 0, 0, 0]
        num_latency - Latency - No. of latency domains visible to node, stage_mask=[0, 0, 0, 1], weight=1, scale=Linear, bdc=[0, 0, 0, 0], num_dims=0
        num_bandwidth - Bandwidth - No. of bandwidth domains visible to node, stage_mask=[0, 0, 0, 1], weight=1, scale=Linear, bdc=[0, 0, 0, 0], num_dims=0
        num_topology - Topology Positions - No. of topology positions in node layout, stage_mask=[0, 0, 0, 1], weight=1, scale=Linear, bdc=[0, 0, 0, 0], num_dims=0
        num_sync_capability - Sync Capability - No. of inter-node sync. capabilities [Atomics, Interrupt], stage_mask=[0, 1, 0, 1], weight=1, scale=Linear, bdc=[0, 0, 0, 0], num_dims=0



[INFO ]  Feature Tree: Name = Xeon Skylake
BDC = [6, 2, 9, 11]

system - System Root - , combine=SUM, weight=1, bdc=[6, 2, 9, 11]
    memory - Memory Hierarchy - , combine=SUM, weight=1, bdc=[0, 0, 3, 3]
        num_cache - Implicit Data Movement - No. of cache levels, stage_mask=[0, 0, 1, 1], weight=1, scale=Linear, bdc=[0, 0, 3, 3], num_dims=3
        num_scratch - Explicit Data Movement - No. of scratchpad levels, stage_mask=[1, 1, 1, 1], weight=1, scale=Linear, bdc=[0, 0, 0, 0], num_dims=0
        num_sw_coherent - Software Coherency - No. of software coherrent levels, stage_mask=[0, 1, 0, 1], weight=1, scale=Linear, bdc=[0, 0, 0, 0], num_dims=0
        num_props - Storage Properties - No. of storage properties [Activations, Weights, Output], stage_mask=[1, 0, 1, 0], weight=1, scale=Linear, bdc=[0, 0, 0, 0], num_dims=0
    nodetypes_set - Node Types Set - , combine=SUM, weight=1, bdc=[6, 0, 6, 1]
        node - Node - , combine=SUM, weight=1, bdc=[6, 0, 6, 1]
            data_mov - Data Movement - , combine=SUM, weight=1, bdc=[1, 0, 1, 0]
                num_gran - Granularity - No. of movement packet sizes, stage_mask=[1, 0, 1, 0], weight=1, scale=Linear, bdc=[1, 0, 1, 0], num_dims=1
                num_pattern - Patterns - No. of movement patterns [Peer-to-Peer, Broadcast, Scatter], stage_mask=[0, 1, 0, 1], weight=1, scale=Linear, bdc=[0, 0, 0, 0], num_dims=0
            control - Control - , combine=SUM, weight=1, bdc=[2, 0, 3, 1]
                latency_hide - Latency Hiding - No. of latency hiding widgets [Threads, Double Buffers], stage_mask=[0, 0, 1, 1], weight=1, scale=Linear, bdc=[0, 0, 1, 1], num_dims=1
                data_dep - Data Dependency - Sync. support between data producer and consumer, stage_mask=[1, 0, 1, 0], weight=1, scale=Linear, bdc=[2, 0, 2, 0], num_dims=2
            datapaths_set - Datapaths Set - , combine=SUM, weight=1, bdc=[3, 0, 2, 0]
                scalar - DataPath - Scalar Datapath, combine=SUM, weight=1, bdc=[1, 0, 1, 0]
                    num_dims_operation - Operation Dimensions - No. of dimensions of data operations, stage_mask=[1, 0, 0, 0], weight=1, scale=Linear, bdc=[0, 0, 0, 0], num_dims=0
                    num_dims_mask - Unmaskable Dimensions - No. of inner operation dimensions without masking support, stage_mask=[1, 0, 0, 0], weight=1, scale=Linear, bdc=[0, 0, 0, 0], num_dims=0
                    num_mem_levels - Memory Levels - No. of memory units in datapath [Input, Output, Internal], stage_mask=[1, 0, 1, 0], weight=1, scale=Linear, bdc=[1, 0, 1, 0], num_dims=1
                    latency_hide - Latency Hiding - No. of latency hiding widgets [Threads, Double Buffers], stage_mask=[0, 0, 1, 0], weight=1, scale=Linear, bdc=[0, 0, 0, 0], num_dims=0
                avx - DataPath - AVX Datapath, combine=SUM, weight=1, bdc=[2, 0, 1, 0]
                    num_dims_operation - Operation Dimensions - No. of dimensions of data operations, stage_mask=[1, 0, 0, 0], weight=1, scale=Linear, bdc=[1, 0, 0, 0], num_dims=1
                    num_dims_mask - Unmaskable Dimensions - No. of inner operation dimensions without masking support, stage_mask=[1, 0, 0, 0], weight=1, scale=Linear, bdc=[0, 0, 0, 0], num_dims=0
                    num_mem_levels - Memory Levels - No. of memory units in datapath [Input, Output, Internal], stage_mask=[1, 0, 1, 0], weight=1, scale=Linear, bdc=[1, 0, 1, 0], num_dims=1
                    latency_hide - Latency Hiding - No. of latency hiding widgets [Threads, Double Buffers], stage_mask=[0, 0, 1, 0], weight=1, scale=Linear, bdc=[0, 0, 0, 0], num_dims=0
    network - Network and Synchronization - , combine=SUM, weight=1, bdc=[0, 2, 0, 7]
        num_latency - Latency - No. of latency domains visible to node, stage_mask=[0, 0, 0, 1], weight=1, scale=Linear, bdc=[0, 0, 0, 2], num_dims=2
        num_bandwidth - Bandwidth - No. of bandwidth domains visible to node, stage_mask=[0, 0, 0, 1], weight=1, scale=Linear, bdc=[0, 0, 0, 2], num_dims=2
        num_topology - Topology Positions - No. of topology positions in node layout, stage_mask=[0, 0, 0, 1], weight=1, scale=Linear, bdc=[0, 0, 0, 1], num_dims=1
        num_sync_capability - Sync Capability - No. of inter-node sync. capabilities [Atomics, Interrupt], stage_mask=[0, 1, 0, 1], weight=1, scale=Linear, bdc=[0, 2, 0, 2], num_dims=2



[INFO ]  Feature Tree: Name = Intel Loihi
BDC = [1, 4, 1, 13]

system - System Root - , combine=SUM, weight=1, bdc=[1, 4, 1, 13]
    memory - Memory Hierarchy - , combine=SUM, weight=1, bdc=[0, 0, 0, 0]
        num_cache - Implicit Data Movement - No. of cache levels, stage_mask=[0, 0, 1, 1], weight=1, scale=Linear, bdc=[0, 0, 0, 0], num_dims=0
        num_scratch - Explicit Data Movement - No. of scratchpad levels, stage_mask=[1, 1, 1, 1], weight=1, scale=Linear, bdc=[0, 0, 0, 0], num_dims=0
        num_sw_coherent - Software Coherency - No. of software coherrent levels, stage_mask=[0, 1, 0, 1], weight=1, scale=Linear, bdc=[0, 0, 0, 0], num_dims=0
        num_props - Storage Properties - No. of storage properties [Activations, Weights, Output], stage_mask=[1, 0, 1, 0], weight=1, scale=Linear, bdc=[0, 0, 0, 0], num_dims=0
    nodetypes_set - Node Types Set - , combine=SUM, weight=1, bdc=[1, 3, 1, 3]
        node - Node - , combine=SUM, weight=1, bdc=[1, 3, 1, 3]
            data_mov - Data Movement - , combine=SUM, weight=1, bdc=[0, 3, 0, 3]
                num_gran - Granularity - No. of movement packet sizes, stage_mask=[1, 0, 1, 0], weight=1, scale=Linear, bdc=[0, 0, 0, 0], num_dims=0
                num_pattern - Patterns - No. of movement patterns [Peer-to-Peer, Broadcast, Scatter], stage_mask=[0, 1, 0, 1], weight=1, scale=Linear, bdc=[0, 3, 0, 3], num_dims=3
            control - Control - , combine=SUM, weight=1, bdc=[0, 0, 0, 0]
                latency_hide - Latency Hiding - No. of latency hiding widgets [Threads, Double Buffers], stage_mask=[0, 0, 1, 1], weight=1, scale=Linear, bdc=[0, 0, 0, 0], num_dims=0
                data_dep - Data Dependency - Sync. support between data producer and consumer, stage_mask=[1, 0, 1, 0], weight=1, scale=Linear, bdc=[0, 0, 0, 0], num_dims=0
            datapaths_set - Datapaths Set - , combine=SUM, weight=1, bdc=[1, 0, 1, 0]
                scalar - DataPath - Scalar Datapath, combine=SUM, weight=1, bdc=[1, 0, 1, 0]
                    num_dims_operation - Operation Dimensions - No. of dimensions of data operations, stage_mask=[1, 0, 0, 0], weight=1, scale=Linear, bdc=[0, 0, 0, 0], num_dims=0
                    num_dims_mask - Unmaskable Dimensions - No. of inner operation dimensions without masking support, stage_mask=[1, 0, 0, 0], weight=1, scale=Linear, bdc=[0, 0, 0, 0], num_dims=0
                    num_mem_levels - Memory Levels - No. of memory units in datapath [Input, Output, Internal], stage_mask=[1, 0, 1, 0], weight=1, scale=Linear, bdc=[1, 0, 1, 0], num_dims=1
                    latency_hide - Latency Hiding - No. of latency hiding widgets [Threads, Double Buffers], stage_mask=[0, 0, 1, 0], weight=1, scale=Linear, bdc=[0, 0, 0, 0], num_dims=0
    network - Network and Synchronization - , combine=SUM, weight=1, bdc=[0, 1, 0, 10]
        num_latency - Latency - No. of latency domains visible to node, stage_mask=[0, 0, 0, 1], weight=1, scale=Linear, bdc=[0, 0, 0, 3], num_dims=3
        num_bandwidth - Bandwidth - No. of bandwidth domains visible to node, stage_mask=[0, 0, 0, 1], weight=1, scale=Linear, bdc=[0, 0, 0, 3], num_dims=3
        num_topology - Topology Positions - No. of topology positions in node layout, stage_mask=[0, 0, 0, 1], weight=1, scale=Linear, bdc=[0, 0, 0, 3], num_dims=3
        num_sync_capability - Sync Capability - No. of inter-node sync. capabilities [Atomics, Interrupt], stage_mask=[0, 1, 0, 1], weight=1, scale=Linear, bdc=[0, 1, 0, 1], num_dims=1



[INFO ]  Plot generated at: /eisenhower/output/exp-1-stages
[INFO ]  Plot generated at: /eisenhower/output/exp-1-stages
[INFO ]  Plot generated at: /eisenhower/output/exp-1-cats
[INFO ]  Plot generated at: /eisenhower/output/exp-1-cats
[INFO ]  Plot generated at: /eisenhower/output/exp-1-cats-bars
[INFO ]  Plot generated at: /eisenhower/output/exp-1-cats-bars
